<?xml version="1.0" encoding="UTF-8"?>
<testsuite xmlns:xsi="http://www.w3.org/2001/XMLSchema-instance" xsi:noNamespaceSchemaLocation="https://maven.apache.org/surefire/maven-surefire-plugin/xsd/surefire-test-report-3.0.xsd" version="3.0" name="TestePersistencia" time="2.128" tests="1" errors="0" skipped="0" failures="0">
  <properties>
    <property name="java.specification.version" value="21"/>
    <property name="sun.cpu.isalist" value="amd64"/>
    <property name="sun.jnu.encoding" value="Cp1252"/>
    <property name="java.class.path" value="C:\Users\ggbra\OneDrive\Documentos\NetBeansProjects\ProjetoLPOOE2_GabrieliGranjaBrandalise\target\test-classes;C:\Users\ggbra\OneDrive\Documentos\NetBeansProjects\ProjetoLPOOE2_GabrieliGranjaBrandalise\target\classes;C:\Users\ggbra\.m2\repository\org\hibernate\javax\persistence\hibernate-jpa-2.1-api\1.0.2.Final\hibernate-jpa-2.1-api-1.0.2.Final.jar;C:\Users\ggbra\.m2\repository\org\hibernate\hibernate-core\5.3.3.Final\hibernate-core-5.3.3.Final.jar;C:\Users\ggbra\.m2\repository\org\jboss\logging\jboss-logging\3.3.2.Final\jboss-logging-3.3.2.Final.jar;C:\Users\ggbra\.m2\repository\javax\persistence\javax.persistence-api\2.2\javax.persistence-api-2.2.jar;C:\Users\ggbra\.m2\repository\org\javassist\javassist\3.23.1-GA\javassist-3.23.1-GA.jar;C:\Users\ggbra\.m2\repository\net\bytebuddy\byte-buddy\1.8.13\byte-buddy-1.8.13.jar;C:\Users\ggbra\.m2\repository\antlr\antlr\2.7.7\antlr-2.7.7.jar;C:\Users\ggbra\.m2\repository\org\jboss\spec\javax\transaction\jboss-transaction-api_1.2_spec\1.1.1.Final\jboss-transaction-api_1.2_spec-1.1.1.Final.jar;C:\Users\ggbra\.m2\repository\org\jboss\jandex\2.0.5.Final\jandex-2.0.5.Final.jar;C:\Users\ggbra\.m2\repository\com\fasterxml\classmate\1.3.4\classmate-1.3.4.jar;C:\Users\ggbra\.m2\repository\javax\activation\javax.activation-api\1.2.0\javax.activation-api-1.2.0.jar;C:\Users\ggbra\.m2\repository\dom4j\dom4j\1.6.1\dom4j-1.6.1.jar;C:\Users\ggbra\.m2\repository\org\hibernate\common\hibernate-commons-annotations\5.0.4.Final\hibernate-commons-annotations-5.0.4.Final.jar;C:\Users\ggbra\.m2\repository\junit\junit\4.11\junit-4.11.jar;C:\Users\ggbra\.m2\repository\org\hamcrest\hamcrest-core\1.3\hamcrest-core-1.3.jar;C:\Users\ggbra\.m2\repository\org\postgresql\postgresql\42.2.24\postgresql-42.2.24.jar;C:\Users\ggbra\.m2\repository\org\checkerframework\checker-qual\3.5.0\checker-qual-3.5.0.jar;C:\Users\ggbra\.m2\repository\org\hibernate\hibernate-entitymanager\4.3.1.Final\hibernate-entitymanager-4.3.1.Final.jar;C:\Users\ggbra\.m2\repository\org\jboss\logging\jboss-logging-annotations\1.2.0.Beta1\jboss-logging-annotations-1.2.0.Beta1.jar;C:\Users\ggbra\.m2\repository\javax\xml\bind\jaxb-api\2.3.0\jaxb-api-2.3.0.jar;"/>
    <property name="java.vm.vendor" value="Oracle Corporation"/>
    <property name="sun.arch.data.model" value="64"/>
    <property name="user.variant" value=""/>
    <property name="java.vendor.url" value="https://java.oracle.com/"/>
    <property name="user.timezone" value="America/Sao_Paulo"/>
    <property name="os.name" value="Windows 11"/>
    <property name="java.vm.specification.version" value="21"/>
    <property name="user.country" value="BR"/>
    <property name="sun.java.launcher" value="SUN_STANDARD"/>
    <property name="sun.boot.library.path" value="C:\Program Files\Java\jdk-21\bin"/>
    <property name="sun.java.command" value="C:\Users\ggbra\AppData\Local\Temp\surefire8501195710139947513\surefirebooter-20241204094701032_3.jar C:\Users\ggbra\AppData\Local\Temp\surefire8501195710139947513 2024-12-04T09-47-00_874-jvmRun1 surefire-20241204094701032_1tmp surefire_0-20241204094701032_2tmp"/>
    <property name="jdk.debug" value="release"/>
    <property name="test" value="TestePersistencia"/>
    <property name="surefire.test.class.path" value="C:\Users\ggbra\OneDrive\Documentos\NetBeansProjects\ProjetoLPOOE2_GabrieliGranjaBrandalise\target\test-classes;C:\Users\ggbra\OneDrive\Documentos\NetBeansProjects\ProjetoLPOOE2_GabrieliGranjaBrandalise\target\classes;C:\Users\ggbra\.m2\repository\org\hibernate\javax\persistence\hibernate-jpa-2.1-api\1.0.2.Final\hibernate-jpa-2.1-api-1.0.2.Final.jar;C:\Users\ggbra\.m2\repository\org\hibernate\hibernate-core\5.3.3.Final\hibernate-core-5.3.3.Final.jar;C:\Users\ggbra\.m2\repository\org\jboss\logging\jboss-logging\3.3.2.Final\jboss-logging-3.3.2.Final.jar;C:\Users\ggbra\.m2\repository\javax\persistence\javax.persistence-api\2.2\javax.persistence-api-2.2.jar;C:\Users\ggbra\.m2\repository\org\javassist\javassist\3.23.1-GA\javassist-3.23.1-GA.jar;C:\Users\ggbra\.m2\repository\net\bytebuddy\byte-buddy\1.8.13\byte-buddy-1.8.13.jar;C:\Users\ggbra\.m2\repository\antlr\antlr\2.7.7\antlr-2.7.7.jar;C:\Users\ggbra\.m2\repository\org\jboss\spec\javax\transaction\jboss-transaction-api_1.2_spec\1.1.1.Final\jboss-transaction-api_1.2_spec-1.1.1.Final.jar;C:\Users\ggbra\.m2\repository\org\jboss\jandex\2.0.5.Final\jandex-2.0.5.Final.jar;C:\Users\ggbra\.m2\repository\com\fasterxml\classmate\1.3.4\classmate-1.3.4.jar;C:\Users\ggbra\.m2\repository\javax\activation\javax.activation-api\1.2.0\javax.activation-api-1.2.0.jar;C:\Users\ggbra\.m2\repository\dom4j\dom4j\1.6.1\dom4j-1.6.1.jar;C:\Users\ggbra\.m2\repository\org\hibernate\common\hibernate-commons-annotations\5.0.4.Final\hibernate-commons-annotations-5.0.4.Final.jar;C:\Users\ggbra\.m2\repository\junit\junit\4.11\junit-4.11.jar;C:\Users\ggbra\.m2\repository\org\hamcrest\hamcrest-core\1.3\hamcrest-core-1.3.jar;C:\Users\ggbra\.m2\repository\org\postgresql\postgresql\42.2.24\postgresql-42.2.24.jar;C:\Users\ggbra\.m2\repository\org\checkerframework\checker-qual\3.5.0\checker-qual-3.5.0.jar;C:\Users\ggbra\.m2\repository\org\hibernate\hibernate-entitymanager\4.3.1.Final\hibernate-entitymanager-4.3.1.Final.jar;C:\Users\ggbra\.m2\repository\org\jboss\logging\jboss-logging-annotations\1.2.0.Beta1\jboss-logging-annotations-1.2.0.Beta1.jar;C:\Users\ggbra\.m2\repository\javax\xml\bind\jaxb-api\2.3.0\jaxb-api-2.3.0.jar;"/>
    <property name="sun.cpu.endian" value="little"/>
    <property name="user.home" value="C:\Users\ggbra"/>
    <property name="user.language" value="pt"/>
    <property name="java.specification.vendor" value="Oracle Corporation"/>
    <property name="java.version.date" value="2024-01-16"/>
    <property name="java.home" value="C:\Program Files\Java\jdk-21"/>
    <property name="file.separator" value="\"/>
    <property name="basedir" value="C:\Users\ggbra\OneDrive\Documentos\NetBeansProjects\ProjetoLPOOE2_GabrieliGranjaBrandalise"/>
    <property name="java.vm.compressedOopsMode" value="32-bit"/>
    <property name="line.separator" value="&#10;"/>
    <property name="java.vm.specification.vendor" value="Oracle Corporation"/>
    <property name="java.specification.name" value="Java Platform API Specification"/>
    <property name="surefire.real.class.path" value="C:\Users\ggbra\AppData\Local\Temp\surefire8501195710139947513\surefirebooter-20241204094701032_3.jar"/>
    <property name="user.script" value=""/>
    <property name="sun.management.compiler" value="HotSpot 64-Bit Tiered Compilers"/>
    <property name="java.runtime.version" value="21.0.2+13-LTS-58"/>
    <property name="user.name" value="ggbra"/>
    <property name="stdout.encoding" value="Cp1252"/>
    <property name="path.separator" value=";"/>
    <property name="os.version" value="10.0"/>
    <property name="java.runtime.name" value="Java(TM) SE Runtime Environment"/>
    <property name="file.encoding" value="UTF-8"/>
    <property name="java.vm.name" value="Java HotSpot(TM) 64-Bit Server VM"/>
    <property name="maven.ext.class.path" value="C:\Program Files\NetBeans-21\netbeans\java\maven-nblib\netbeans-eventspy.jar"/>
    <property name="localRepository" value="C:\Users\ggbra\.m2\repository"/>
    <property name="java.vendor.url.bug" value="https://bugreport.java.com/bugreport/"/>
    <property name="java.io.tmpdir" value="C:\Users\ggbra\AppData\Local\Temp\"/>
    <property name="java.version" value="21.0.2"/>
    <property name="user.dir" value="C:\Users\ggbra\OneDrive\Documentos\NetBeansProjects\ProjetoLPOOE2_GabrieliGranjaBrandalise"/>
    <property name="os.arch" value="amd64"/>
    <property name="java.vm.specification.name" value="Java Virtual Machine Specification"/>
    <property name="sun.os.patch.level" value=""/>
    <property name="native.encoding" value="Cp1252"/>
    <property name="java.library.path" value="C:\Program Files\Java\jdk-21\bin;C:\WINDOWS\Sun\Java\bin;C:\WINDOWS\system32;C:\WINDOWS;C:\Program Files\Common Files\Oracle\Java\javapath;C:\Program Files (x86)\Common Files\Oracle\Java\java8path;C:\Program Files (x86)\Common Files\Oracle\Java\javapath;C:\Program Files (x86)\VMware\VMware Player\bin\;C:\Windows\system32;C:\Windows;C:\Windows\System32\Wbem;C:\Windows\System32\WindowsPowerShell\v1.0\;C:\Windows\System32\OpenSSH\;C:\Program Files (x86)\NVIDIA Corporation\PhysX\Common;C:\Program Files\NVIDIA Corporation\NVIDIA NvDLISR;C:\WINDOWS\system32;C:\WINDOWS;C:\WINDOWS\System32\Wbem;C:\WINDOWS\System32\WindowsPowerShell\v1.0\;C:\WINDOWS\System32\OpenSSH\;C:\Program Files\nodejs\;C:\Program Files (x86)\IVI Foundation\VISA\WinNT\Bin;C:\cygwin64\bin;C:\Program Files\MySQL\MySQL Shell 8.0\bin\;C:\Users\ggbra\AppData\Local\Microsoft\WindowsApps;C:\Users\ggbra\AppData\Local\Programs\Microsoft VS Code\bin;C:\Users\ggbra\AppData\Roaming\npm;C:\MinGW\64bits\mingw64\mingw64\bin;C:\MinGW\64bits\mingw485\x86_64-4.8.5-release-posix-seh-rt_v4-rev0\mingw64\bin;C:\MinGW\32bits\mingw32\bin;C:\src\flutter\bin;;."/>
    <property name="java.vm.info" value="mixed mode, sharing"/>
    <property name="stderr.encoding" value="Cp1252"/>
    <property name="java.vendor" value="Oracle Corporation"/>
    <property name="java.vm.version" value="21.0.2+13-LTS-58"/>
    <property name="sun.io.unicode.encoding" value="UnicodeLittle"/>
    <property name="java.class.version" value="65.0"/>
  </properties>
  <testcase name="testePersistencia" classname="TestePersistencia" time="0.065">
    <system-out><![CDATA[Hibernate: create table tb_agenda (id int4 not null, funcionario_id int4, primary key (id))
Hibernate: create table tb_agendamento (id int4 not null, data timestamp, agenda_id int4, cliente_id int4, servico_id int4, primary key (id))
Hibernate: create table tb_cliente (id int4 not null, cpf varchar(11), nome varchar(150), telefone varchar(9), perfilCliente varchar(255), primary key (id))
Hibernate: create table tb_funcionario (id int4 not null, cpf varchar(11), nome varchar(150), telefone varchar(9), tipoFuncionario varchar(255), primary key (id))
Hibernate: create table tb_servico (id int4 not null, descricao varchar(150), maximodesconto float8, valorunitario float8, primary key (id))
Hibernate: alter table tb_agenda drop constraint UK_5cls0gd8njuh09o2e6akxlm4t
Hibernate: alter table tb_agenda add constraint UK_5cls0gd8njuh09o2e6akxlm4t unique (funcionario_id)
Hibernate: alter table tb_agenda add constraint FK7qhmtx0jrd6rmb2v7n53hqq0b foreign key (funcionario_id) references tb_funcionario
Hibernate: alter table tb_agendamento add constraint FK3uextfnvga6bd1j50iahv89q4 foreign key (agenda_id) references tb_agenda
Hibernate: alter table tb_agendamento add constraint FK1w0i3oquvxn4bd405fedp9x0j foreign key (cliente_id) references tb_cliente
Hibernate: alter table tb_agendamento add constraint FKee2nunpr5xubyfj2etfk7ftno foreign key (servico_id) references tb_servico
Hibernate: select nextval ('hibernate_sequence')
Hibernate: insert into tb_cliente (cpf, nome, telefone, perfilCliente, id) values (?, ?, ?, ?, ?)
Hibernate: select nextval ('hibernate_sequence')
Hibernate: select nextval ('hibernate_sequence')
Hibernate: insert into tb_funcionario (cpf, nome, telefone, tipoFuncionario, id) values (?, ?, ?, ?, ?)
Hibernate: insert into tb_agenda (funcionario_id, id) values (?, ?)
Hibernate: select nextval ('hibernate_sequence')
Hibernate: insert into tb_servico (descricao, maximodesconto, valorunitario, id) values (?, ?, ?, ?)
Hibernate: select nextval ('hibernate_sequence')
Hibernate: insert into tb_agendamento (agenda_id, cliente_id, data, servico_id, id) values (?, ?, ?, ?, ?)
]]></system-out>
    <system-err><![CDATA[dez. 04, 2024 9:47:01 AM org.hibernate.ejb.HibernatePersistence logDeprecation
WARN: HHH015016: Encountered a deprecated javax.persistence.spi.PersistenceProvider [org.hibernate.ejb.HibernatePersistence]; use [org.hibernate.jpa.HibernatePersistenceProvider] instead.
dez. 04, 2024 9:47:01 AM org.hibernate.ejb.HibernatePersistence logDeprecation
WARN: HHH015016: Encountered a deprecated javax.persistence.spi.PersistenceProvider [org.hibernate.ejb.HibernatePersistence]; use [org.hibernate.jpa.HibernatePersistenceProvider] instead.
dez. 04, 2024 9:47:01 AM org.hibernate.jpa.internal.util.LogHelper logPersistenceUnitInformation
INFO: HHH000204: Processing PersistenceUnitInfo [
	name: pu_lpoo_E1_GabrieliGranjaBrandalise
	...]
dez. 04, 2024 9:47:01 AM org.hibernate.Version logVersion
INFO: HHH000412: Hibernate Core {5.3.3.Final}
dez. 04, 2024 9:47:01 AM org.hibernate.cfg.Environment <clinit>
INFO: HHH000206: hibernate.properties not found
dez. 04, 2024 9:47:02 AM org.hibernate.annotations.common.reflection.java.JavaReflectionManager <clinit>
INFO: HCANN000001: Hibernate Commons Annotations {5.0.4.Final}
dez. 04, 2024 9:47:02 AM org.hibernate.engine.jdbc.connections.internal.DriverManagerConnectionProviderImpl configure
WARN: HHH10001002: Using Hibernate built-in connection pool (not for production use!)
dez. 04, 2024 9:47:02 AM org.hibernate.engine.jdbc.connections.internal.DriverManagerConnectionProviderImpl buildCreator
INFO: HHH10001005: using driver [org.postgresql.Driver] at URL [jdbc:postgresql://localhost:5432/ProjetoLPOOE1_GabrieliGranjaBrandalise]
dez. 04, 2024 9:47:02 AM org.hibernate.engine.jdbc.connections.internal.DriverManagerConnectionProviderImpl buildCreator
INFO: HHH10001001: Connection properties: {password=****, user=postgres}
dez. 04, 2024 9:47:02 AM org.hibernate.engine.jdbc.connections.internal.DriverManagerConnectionProviderImpl buildCreator
INFO: HHH10001003: Autocommit mode: false
dez. 04, 2024 9:47:02 AM org.hibernate.engine.jdbc.connections.internal.DriverManagerConnectionProviderImpl$PooledConnections <init>
INFO: HHH000115: Hibernate connection pool size: 20 (min=1)
dez. 04, 2024 9:47:02 AM org.hibernate.dialect.Dialect <init>
INFO: HHH000400: Using dialect: org.hibernate.dialect.PostgreSQLDialect
dez. 04, 2024 9:47:02 AM org.hibernate.engine.jdbc.env.internal.LobCreatorBuilderImpl useContextualLobCreation
INFO: HHH000424: Disabling contextual LOB creation as createClob() method threw error : java.lang.reflect.InvocationTargetException
dez. 04, 2024 9:47:02 AM org.hibernate.type.BasicTypeRegistry register
INFO: HHH000270: Type registration [java.util.UUID] overrides previous : org.hibernate.type.UUIDBinaryType@76a82f33
dez. 04, 2024 9:47:03 AM org.hibernate.resource.transaction.backend.jdbc.internal.DdlTransactionIsolatorNonJtaImpl getIsolatedConnection
INFO: HHH10001501: Connection obtained from JdbcConnectionAccess [org.hibernate.engine.jdbc.env.internal.JdbcEnvironmentInitiator$ConnectionProviderJdbcConnectionAccess@49c17ba4] for (non-JTA) DDL execution was not in auto-commit mode; the Connection 'local transaction' will be committed and the Connection will be set into auto-commit mode.
]]></system-err>
  </testcase>
</testsuite>